# JRE version: Java(TM) SE Runtime Environment (23.0.1+11) (build 23.0.1+11-39)
# Java VM: Java HotSpot(TM) 64-Bit Server VM (23.0.1+11-39, mixed mode, sharing, tiered, compressed oops, compressed class ptrs, g1 gc, windows-amd64)
GC Precious Log:
 CardTable entry size: 512
 Card Set container configuration: InlinePtr #cards 4 size 8 Array Of Cards #cards 32 size 80 Howl #buckets 8 coarsen threshold 7372 Howl Bitmap #cards 1024 size 144 coarsen threshold 921 Card regions per heap region 1 cards per card region 8192
 CPUs: 20 total, 20 available
 Memory: 32452M
 Large Page Support: Disabled
 NUMA Support: Disabled
 Compressed Oops: Enabled (Zero based)
 Heap Region Size: 4M
 Heap Min Capacity: 8M
 Heap Initial Capacity: 508M
 Heap Max Capacity: 8116M
 Pre-touch: Disabled
 Parallel Workers: 15
 Concurrent Workers: 4
 Concurrent Refinement Workers: 15
 Periodic GC: Disabled
Heap:
 garbage-first heap   total reserved 8310784K, committed 57344K, used 26217K [0x0000000604c00000, 0x0000000800000000)
  region size 4096K, 3 young (12288K), 1 survivors (4096K)
 Metaspace       used 32225K, committed 32512K, reserved 1114112K
  class space    used 3697K, committed 3840K, reserved 1048576K
GC Heap History (20 events):
Event: 3604.345 GC heap before
{Heap before GC invocations=333 (full 0):
 garbage-first heap   total reserved 8310784K, committed 57344K, used 42595K [0x0000000604c00000, 0x0000000800000000)
  region size 4096K, 6 young (24576K), 1 survivors (4096K)
 Metaspace       used 32202K, committed 32512K, reserved 1114112K
  class space    used 3692K, committed 3840K, reserved 1048576K
}
Event: 3604.347 GC heap after
{Heap after GC invocations=334 (full 0):
 garbage-first heap   total reserved 8310784K, committed 57344K, used 22115K [0x0000000604c00000, 0x0000000800000000)
  region size 4096K, 1 young (4096K), 1 survivors (4096K)
 Metaspace       used 32202K, committed 32512K, reserved 1114112K
  class space    used 3692K, committed 3840K, reserved 1048576K
}
Event: 3615.343 GC heap before
{Heap before GC invocations=334 (full 0):
 garbage-first heap   total reserved 8310784K, committed 57344K, used 42595K [0x0000000604c00000, 0x0000000800000000)
  region size 4096K, 6 young (24576K), 1 survivors (4096K)
 Metaspace       used 32202K, committed 32512K, reserved 1114112K
  class space    used 3692K, committed 3840K, reserved 1048576K
}
Event: 3615.343 GC heap after
{Heap after GC invocations=335 (full 0):
 garbage-first heap   total reserved 8310784K, committed 57344K, used 22118K [0x0000000604c00000, 0x0000000800000000)
  region size 4096K, 1 young (4096K), 1 survivors (4096K)
 Metaspace       used 32202K, committed 32512K, reserved 1114112K
  class space    used 3692K, committed 3840K, reserved 1048576K
}
Event: 3626.386 GC heap before
{Heap before GC invocations=335 (full 0):
 garbage-first heap   total reserved 8310784K, committed 57344K, used 42598K [0x0000000604c00000, 0x0000000800000000)
  region size 4096K, 6 young (24576K), 1 survivors (4096K)
 Metaspace       used 32202K, committed 32512K, reserved 1114112K
  class space    used 3692K, committed 3840K, reserved 1048576K
}
Event: 3626.388 GC heap after
{Heap after GC invocations=336 (full 0):
 garbage-first heap   total reserved 8310784K, committed 57344K, used 22121K [0x0000000604c00000, 0x0000000800000000)
  region size 4096K, 1 young (4096K), 1 survivors (4096K)
 Metaspace       used 32202K, committed 32512K, reserved 1114112K
  class space    used 3692K, committed 3840K, reserved 1048576K
}
Event: 3636.854 GC heap before
{Heap before GC invocations=336 (full 0):
 garbage-first heap   total reserved 8310784K, committed 57344K, used 42601K [0x0000000604c00000, 0x0000000800000000)
  region size 4096K, 6 young (24576K), 1 survivors (4096K)
 Metaspace       used 32202K, committed 32512K, reserved 1114112K
  class space    used 3692K, committed 3840K, reserved 1048576K
}
Event: 3636.856 GC heap after
{Heap after GC invocations=337 (full 0):
 garbage-first heap   total reserved 8310784K, committed 57344K, used 22120K [0x0000000604c00000, 0x0000000800000000)
  region size 4096K, 1 young (4096K), 1 survivors (4096K)
 Metaspace       used 32202K, committed 32512K, reserved 1114112K
  class space    used 3692K, committed 3840K, reserved 1048576K
}
Event: 3647.059 GC heap before
{Heap before GC invocations=337 (full 0):
 garbage-first heap   total reserved 8310784K, committed 57344K, used 42600K [0x0000000604c00000, 0x0000000800000000)
  region size 4096K, 6 young (24576K), 1 survivors (4096K)
 Metaspace       used 32202K, committed 32512K, reserved 1114112K
  class space    used 3692K, committed 3840K, reserved 1048576K
}
Event: 3647.061 GC heap after
{Heap after GC invocations=338 (full 0):
 garbage-first heap   total reserved 8310784K, committed 57344K, used 26210K [0x0000000604c00000, 0x0000000800000000)
  region size 4096K, 1 young (4096K), 1 survivors (4096K)
 Metaspace       used 32202K, committed 32512K, reserved 1114112K
  class space    used 3692K, committed 3840K, reserved 1048576K
}
Event: 3655.360 GC heap before
{Heap before GC invocations=338 (full 0):
 garbage-first heap   total reserved 8310784K, committed 57344K, used 42594K [0x0000000604c00000, 0x0000000800000000)
  region size 4096K, 5 young (20480K), 1 survivors (4096K)
 Metaspace       used 32202K, committed 32512K, reserved 1114112K
  class space    used 3692K, committed 3840K, reserved 1048576K
}
Event: 3655.362 GC heap after
{Heap after GC invocations=339 (full 0):
 garbage-first heap   total reserved 8310784K, committed 57344K, used 22121K [0x0000000604c00000, 0x0000000800000000)
  region size 4096K, 1 young (4096K), 1 survivors (4096K)
 Metaspace       used 32202K, committed 32512K, reserved 1114112K
  class space    used 3692K, committed 3840K, reserved 1048576K
}
Event: 3665.592 GC heap before
{Heap before GC invocations=340 (full 0):
 garbage-first heap   total reserved 8310784K, committed 57344K, used 42601K [0x0000000604c00000, 0x0000000800000000)
  region size 4096K, 6 young (24576K), 1 survivors (4096K)
 Metaspace       used 32202K, committed 32512K, reserved 1114112K
  class space    used 3692K, committed 3840K, reserved 1048576K
}
Event: 3665.594 GC heap after
{Heap after GC invocations=341 (full 0):
 garbage-first heap   total reserved 8310784K, committed 57344K, used 22122K [0x0000000604c00000, 0x0000000800000000)
  region size 4096K, 1 young (4096K), 1 survivors (4096K)
 Metaspace       used 32202K, committed 32512K, reserved 1114112K
  class space    used 3692K, committed 3840K, reserved 1048576K
}
Event: 3676.069 GC heap before
{Heap before GC invocations=341 (full 0):
 garbage-first heap   total reserved 8310784K, committed 57344K, used 42602K [0x0000000604c00000, 0x0000000800000000)
  region size 4096K, 6 young (24576K), 1 survivors (4096K)
 Metaspace       used 32202K, committed 32512K, reserved 1114112K
  class space    used 3692K, committed 3840K, reserved 1048576K
}
Event: 3676.071 GC heap after
{Heap after GC invocations=342 (full 0):
 garbage-first heap   total reserved 8310784K, committed 57344K, used 22120K [0x0000000604c00000, 0x0000000800000000)
  region size 4096K, 1 young (4096K), 1 survivors (4096K)
 Metaspace       used 32202K, committed 32512K, reserved 1114112K
  class space    used 3692K, committed 3840K, reserved 1048576K
}
Event: 3686.349 GC heap before
{Heap before GC invocations=342 (full 0):
 garbage-first heap   total reserved 8310784K, committed 57344K, used 42600K [0x0000000604c00000, 0x0000000800000000)
  region size 4096K, 6 young (24576K), 1 survivors (4096K)
 Metaspace       used 32202K, committed 32512K, reserved 1114112K
  class space    used 3692K, committed 3840K, reserved 1048576K
}
Event: 3686.350 GC heap after
{Heap after GC invocations=343 (full 0):
 garbage-first heap   total reserved 8310784K, committed 57344K, used 26160K [0x0000000604c00000, 0x0000000800000000)
  region size 4096K, 1 young (4096K), 1 survivors (4096K)
 Metaspace       used 32202K, committed 32512K, reserved 1114112K
  class space    used 3692K, committed 3840K, reserved 1048576K
}
Event: 3694.305 GC heap before
{Heap before GC invocations=343 (full 0):
 garbage-first heap   total reserved 8310784K, committed 57344K, used 42544K [0x0000000604c00000, 0x0000000800000000)
  region size 4096K, 5 young (20480K), 1 survivors (4096K)
 Metaspace       used 32202K, committed 32512K, reserved 1114112K
  class space    used 3692K, committed 3840K, reserved 1048576K
}
Event: 3694.307 GC heap after
{Heap after GC invocations=344 (full 0):
 garbage-first heap   total reserved 8310784K, committed 57344K, used 22121K [0x0000000604c00000, 0x0000000800000000)
  region size 4096K, 1 young (4096K), 1 survivors (4096K)
 Metaspace       used 32202K, committed 32512K, reserved 1114112K
  class space    used 3692K, committed 3840K, reserved 1048576K
}

